[2022-01-19 12:14:19,765] multiqc                                            [DEBUG  ]  This is MultiQC v1.11
[2022-01-19 12:14:19,765] multiqc                                            [DEBUG  ]  No MultiQC config found: /Users/adriandoerr/Desktop/Bioinformatik/snakemake/mdr_mtb-master/.snakemake/conda/ec4031b1a5fb438ecd9bf08207e4d1bb/lib/python3.10/site-packages/multiqc_config.yaml
[2022-01-19 12:14:19,765] multiqc                                            [DEBUG  ]  No MultiQC config found: /Users/adriandoerr/.multiqc_config.yaml
[2022-01-19 12:14:19,765] multiqc                                            [DEBUG  ]  No MultiQC config found: multiqc_config.yaml
[2022-01-19 12:14:19,765] multiqc                                            [DEBUG  ]  Command used: /Users/adriandoerr/Desktop/Bioinformatik/snakemake/mdr_mtb-master/.snakemake/conda/ec4031b1a5fb438ecd9bf08207e4d1bb/bin/multiqc --force -o results/qc -n multiqc.html results/qc/fastqc
[2022-01-19 12:14:20,070] multiqc                                            [DEBUG  ]  Latest MultiQC version is v1.11
[2022-01-19 12:14:20,070] multiqc                                            [DEBUG  ]  Command     : /Users/adriandoerr/Desktop/Bioinformatik/snakemake/mdr_mtb-master/.snakemake/conda/ec4031b1a5fb438ecd9bf08207e4d1bb/bin/multiqc --force -o results/qc -n multiqc.html results/qc/fastqc
[2022-01-19 12:14:20,071] multiqc                                            [DEBUG  ]  Working dir : /Users/adriandoerr/Desktop/Bioinformatik/snakemake/mdr_mtb-master
[2022-01-19 12:14:20,071] multiqc                                            [DEBUG  ]  Template    : default
[2022-01-19 12:14:20,071] multiqc                                            [DEBUG  ]  Running Python 3.10.2 | packaged by conda-forge | (main, Jan 14 2022, 08:03:02) [Clang 11.1.0 ]
[2022-01-19 12:14:20,073] multiqc                                            [DEBUG  ]  Analysing modules: custom_content, ccs, ngsderive, purple, conpair, lima, peddy, somalier, methylQA, mosdepth, phantompeakqualtools, qualimap, preseq, quast, qorts, rna_seqc, rockhopper, rsem, rseqc, busco, bustools, goleft_indexcov, gffcompare, disambiguate, supernova, deeptools, sargasso, verifybamid, mirtrace, happy, mirtop, sambamba, homer, hops, macs2, theta2, snpeff, gatk, htseq, bcftools, featureCounts, fgbio, dragen, dedup, damageprofiler, biobambam2, jcvi, mtnucratio, picard, vep, sentieon, prokka, qc3C, nanostat, samblaster, samtools, sexdeterrmine, eigenstratdatabasetools, bamtools, jellyfish, vcftools, longranger, stacks, varscan2, snippy, bbmap, bismark, biscuit, hicexplorer, hicup, hicpro, salmon, kallisto, slamdunk, star, hisat2, tophat, bowtie2, bowtie1, snpsplit, odgi, pangolin, kat, leehom, adapterRemoval, clipandmerge, cutadapt, flexbar, kaiju, kraken, malt, trimmomatic, sickle, skewer, sortmerna, biobloomtools, fastq_screen, afterqc, fastp, fastqc, pychopper, pycoqc, minionqc, multivcfanalyzer, clusterflow, bcl2fastq, bclconvert, interop, ivar, flash, seqyclean, optitype
[2022-01-19 12:14:20,073] multiqc                                            [DEBUG  ]  Using temporary directory for creating report: /var/folders/_s/w4hcqvh15870cfcj4vg1txs40000gn/T/tmp3ml5etmu
[2022-01-19 12:14:20,194] multiqc                                            [INFO   ]  Search path : /Users/adriandoerr/Desktop/Bioinformatik/snakemake/mdr_mtb-master/results/qc/fastqc
[2022-01-19 12:14:20,199] multiqc                                            [DEBUG  ]  Ignoring file as matched an ignore pattern: AD_20_S18_L001.html
[2022-01-19 12:14:20,199] multiqc                                            [DEBUG  ]  Ignoring file as matched an ignore pattern: AD_4_S17_L001.html
[2022-01-19 12:14:20,214] multiqc                                            [DEBUG  ]  File ignored by ccs/v4 because it exceeded search pattern filesize limit: 1_S1.html
[2022-01-19 12:14:20,215] multiqc                                            [DEBUG  ]  File ignored by hicexplorer because it exceeded search pattern filesize limit: 1_S1.html
[2022-01-19 12:14:20,215] multiqc                                            [DEBUG  ]  File ignored by nanostat because it exceeded search pattern filesize limit: 1_S1.html
[2022-01-19 12:14:20,215] multiqc                                            [DEBUG  ]  File ignored by lima/summary because it exceeded search pattern filesize limit: 1_S1.html
[2022-01-19 12:14:20,217] multiqc                                            [DEBUG  ]  File ignored by vep/vep_txt because it exceeded search pattern filesize limit: 1_S1.html
[2022-01-19 12:14:20,217] multiqc                                            [DEBUG  ]  File ignored by longranger/invocation because it exceeded search pattern filesize limit: 1_S1.html
[2022-01-19 12:14:20,217] multiqc                                            [DEBUG  ]  File ignored by rockhopper because it exceeded search pattern filesize limit: 1_S1.html
[2022-01-19 12:14:20,217] multiqc                                            [DEBUG  ]  File ignored by rseqc/bam_stat because it exceeded search pattern filesize limit: 1_S1.html
[2022-01-19 12:14:20,217] multiqc                                            [DEBUG  ]  File ignored by rseqc/junction_annotation because it exceeded search pattern filesize limit: 1_S1.html
[2022-01-19 12:14:20,217] multiqc                                            [DEBUG  ]  File ignored by rseqc/read_distribution because it exceeded search pattern filesize limit: 1_S1.html
[2022-01-19 12:14:20,217] multiqc                                            [DEBUG  ]  File ignored by rseqc/infer_experiment because it exceeded search pattern filesize limit: 1_S1.html
[2022-01-19 12:14:20,270] multiqc                                            [DEBUG  ]  File ignored by ccs/v4 because it exceeded search pattern filesize limit: 3_S1.html
[2022-01-19 12:14:20,271] multiqc                                            [DEBUG  ]  File ignored by hicexplorer because it exceeded search pattern filesize limit: 3_S1.html
[2022-01-19 12:14:20,271] multiqc                                            [DEBUG  ]  File ignored by nanostat because it exceeded search pattern filesize limit: 3_S1.html
[2022-01-19 12:14:20,271] multiqc                                            [DEBUG  ]  File ignored by lima/summary because it exceeded search pattern filesize limit: 3_S1.html
[2022-01-19 12:14:20,272] multiqc                                            [DEBUG  ]  File ignored by vep/vep_txt because it exceeded search pattern filesize limit: 3_S1.html
[2022-01-19 12:14:20,272] multiqc                                            [DEBUG  ]  File ignored by longranger/invocation because it exceeded search pattern filesize limit: 3_S1.html
[2022-01-19 12:14:20,272] multiqc                                            [DEBUG  ]  File ignored by rockhopper because it exceeded search pattern filesize limit: 3_S1.html
[2022-01-19 12:14:20,272] multiqc                                            [DEBUG  ]  File ignored by rseqc/bam_stat because it exceeded search pattern filesize limit: 3_S1.html
[2022-01-19 12:14:20,272] multiqc                                            [DEBUG  ]  File ignored by rseqc/junction_annotation because it exceeded search pattern filesize limit: 3_S1.html
[2022-01-19 12:14:20,272] multiqc                                            [DEBUG  ]  File ignored by rseqc/read_distribution because it exceeded search pattern filesize limit: 3_S1.html
[2022-01-19 12:14:20,272] multiqc                                            [DEBUG  ]  File ignored by rseqc/infer_experiment because it exceeded search pattern filesize limit: 3_S1.html
[2022-01-19 12:14:20,324] multiqc                                            [DEBUG  ]  File ignored by ccs/v4 because it exceeded search pattern filesize limit: 2_S1.html
[2022-01-19 12:14:20,324] multiqc                                            [DEBUG  ]  File ignored by hicexplorer because it exceeded search pattern filesize limit: 2_S1.html
[2022-01-19 12:14:20,324] multiqc                                            [DEBUG  ]  File ignored by nanostat because it exceeded search pattern filesize limit: 2_S1.html
[2022-01-19 12:14:20,324] multiqc                                            [DEBUG  ]  File ignored by lima/summary because it exceeded search pattern filesize limit: 2_S1.html
[2022-01-19 12:14:20,326] multiqc                                            [DEBUG  ]  File ignored by vep/vep_txt because it exceeded search pattern filesize limit: 2_S1.html
[2022-01-19 12:14:20,326] multiqc                                            [DEBUG  ]  File ignored by longranger/invocation because it exceeded search pattern filesize limit: 2_S1.html
[2022-01-19 12:14:20,326] multiqc                                            [DEBUG  ]  File ignored by rockhopper because it exceeded search pattern filesize limit: 2_S1.html
[2022-01-19 12:14:20,326] multiqc                                            [DEBUG  ]  File ignored by rseqc/bam_stat because it exceeded search pattern filesize limit: 2_S1.html
[2022-01-19 12:14:20,326] multiqc                                            [DEBUG  ]  File ignored by rseqc/junction_annotation because it exceeded search pattern filesize limit: 2_S1.html
[2022-01-19 12:14:20,326] multiqc                                            [DEBUG  ]  File ignored by rseqc/read_distribution because it exceeded search pattern filesize limit: 2_S1.html
[2022-01-19 12:14:20,326] multiqc                                            [DEBUG  ]  File ignored by rseqc/infer_experiment because it exceeded search pattern filesize limit: 2_S1.html
[2022-01-19 12:14:20,882] multiqc.plots.bargraph                             [DEBUG  ]  Using matplotlib version 3.5.1
[2022-01-19 12:14:20,882] multiqc.plots.linegraph                            [DEBUG  ]  Using matplotlib version 3.5.1
[2022-01-19 12:14:20,883] multiqc                                            [DEBUG  ]  No samples found: custom_content
[2022-01-19 12:14:20,886] multiqc                                            [DEBUG  ]  No samples found: ccs
[2022-01-19 12:14:20,888] multiqc                                            [DEBUG  ]  No samples found: ngsderive
[2022-01-19 12:14:20,890] multiqc                                            [DEBUG  ]  No samples found: purple
[2022-01-19 12:14:20,893] multiqc                                            [DEBUG  ]  No samples found: conpair
[2022-01-19 12:14:20,895] multiqc                                            [DEBUG  ]  No samples found: lima
[2022-01-19 12:14:20,897] multiqc                                            [DEBUG  ]  No samples found: peddy
[2022-01-19 12:14:20,900] multiqc                                            [DEBUG  ]  No samples found: somalier
[2022-01-19 12:14:20,902] multiqc                                            [DEBUG  ]  No samples found: methylQA
[2022-01-19 12:14:20,905] multiqc.modules.mosdepth.mosdepth                  [DEBUG  ]  include_contigs: []
[2022-01-19 12:14:20,905] multiqc.modules.mosdepth.mosdepth                  [DEBUG  ]  exclude_contigs: []
[2022-01-19 12:14:20,905] multiqc                                            [DEBUG  ]  No samples found: mosdepth
[2022-01-19 12:14:20,907] multiqc                                            [DEBUG  ]  No samples found: phantompeakqualtools
[2022-01-19 12:14:20,909] multiqc                                            [DEBUG  ]  No samples found: qualimap
[2022-01-19 12:14:20,911] multiqc                                            [DEBUG  ]  No samples found: preseq
[2022-01-19 12:14:20,914] multiqc                                            [DEBUG  ]  No samples found: quast
[2022-01-19 12:14:20,916] multiqc                                            [DEBUG  ]  No samples found: qorts
[2022-01-19 12:14:20,918] multiqc                                            [DEBUG  ]  No samples found: rna_seqc
[2022-01-19 12:14:20,920] multiqc                                            [DEBUG  ]  No samples found: rockhopper
[2022-01-19 12:14:20,923] multiqc                                            [DEBUG  ]  No samples found: rsem
[2022-01-19 12:14:20,927] multiqc                                            [DEBUG  ]  No samples found: rseqc
[2022-01-19 12:14:20,929] multiqc                                            [DEBUG  ]  No samples found: busco
[2022-01-19 12:14:20,931] multiqc                                            [DEBUG  ]  No samples found: bustools
[2022-01-19 12:14:20,934] multiqc                                            [DEBUG  ]  No samples found: goleft_indexcov
[2022-01-19 12:14:20,936] multiqc                                            [DEBUG  ]  No samples found: gffcompare
[2022-01-19 12:14:20,938] multiqc                                            [DEBUG  ]  No samples found: disambiguate
[2022-01-19 12:14:20,941] multiqc                                            [DEBUG  ]  No samples found: supernova
[2022-01-19 12:14:20,945] multiqc                                            [DEBUG  ]  No samples found: deeptools
[2022-01-19 12:14:20,947] multiqc                                            [DEBUG  ]  No samples found: sargasso
[2022-01-19 12:14:20,949] multiqc                                            [DEBUG  ]  No samples found: verifybamid
[2022-01-19 12:14:20,952] multiqc                                            [DEBUG  ]  No samples found: mirtrace
[2022-01-19 12:14:20,954] multiqc                                            [DEBUG  ]  No samples found: happy
[2022-01-19 12:14:20,956] multiqc                                            [DEBUG  ]  No samples found: mirtop
[2022-01-19 12:14:20,958] multiqc                                            [DEBUG  ]  No samples found: sambamba
[2022-01-19 12:14:20,961] multiqc                                            [DEBUG  ]  No samples found: homer
[2022-01-19 12:14:20,963] multiqc                                            [DEBUG  ]  No samples found: hops
[2022-01-19 12:14:20,966] multiqc                                            [DEBUG  ]  No samples found: macs2
[2022-01-19 12:14:20,968] multiqc                                            [DEBUG  ]  No samples found: theta2
[2022-01-19 12:14:20,970] multiqc                                            [DEBUG  ]  No samples found: snpeff
[2022-01-19 12:14:20,973] multiqc                                            [DEBUG  ]  No samples found: gatk
[2022-01-19 12:14:20,975] multiqc                                            [DEBUG  ]  No samples found: htseq
[2022-01-19 12:14:20,977] multiqc                                            [DEBUG  ]  No samples found: bcftools
[2022-01-19 12:14:20,980] multiqc                                            [DEBUG  ]  No samples found: featureCounts
[2022-01-19 12:14:20,984] multiqc                                            [DEBUG  ]  No samples found: fgbio
[2022-01-19 12:14:20,988] multiqc                                            [DEBUG  ]  No samples found: dragen
[2022-01-19 12:14:20,990] multiqc                                            [DEBUG  ]  No samples found: dedup
[2022-01-19 12:14:20,993] multiqc                                            [DEBUG  ]  No samples found: damageprofiler
[2022-01-19 12:14:21,000] multiqc                                            [DEBUG  ]  No samples found: biobambam2
[2022-01-19 12:14:21,002] multiqc                                            [DEBUG  ]  No samples found: jcvi
[2022-01-19 12:14:21,005] multiqc                                            [DEBUG  ]  No samples found: mtnucratio
[2022-01-19 12:14:21,006] multiqc                                            [DEBUG  ]  No samples found: picard
[2022-01-19 12:14:21,009] multiqc                                            [DEBUG  ]  No samples found: vep
[2022-01-19 12:14:21,011] multiqc                                            [DEBUG  ]  No samples found: sentieon
[2022-01-19 12:14:21,014] multiqc                                            [DEBUG  ]  No samples found: prokka
[2022-01-19 12:14:21,016] multiqc                                            [DEBUG  ]  No samples found: qc3C
[2022-01-19 12:14:21,018] multiqc                                            [DEBUG  ]  No samples found: nanostat
[2022-01-19 12:14:21,020] multiqc                                            [DEBUG  ]  No samples found: samblaster
[2022-01-19 12:14:21,023] multiqc                                            [DEBUG  ]  No samples found: samtools
[2022-01-19 12:14:21,026] multiqc                                            [DEBUG  ]  No samples found: sexdeterrmine
[2022-01-19 12:14:21,028] multiqc                                            [DEBUG  ]  No samples found: eigenstratdatabasetools
[2022-01-19 12:14:21,030] multiqc                                            [DEBUG  ]  No samples found: bamtools
[2022-01-19 12:14:21,032] multiqc                                            [DEBUG  ]  No samples found: jellyfish
[2022-01-19 12:14:21,035] multiqc                                            [DEBUG  ]  No samples found: vcftools
[2022-01-19 12:14:21,038] multiqc                                            [DEBUG  ]  No samples found: longranger
[2022-01-19 12:14:21,040] multiqc                                            [DEBUG  ]  No samples found: stacks
[2022-01-19 12:14:21,042] multiqc                                            [DEBUG  ]  No samples found: varscan2
[2022-01-19 12:14:21,044] multiqc                                            [DEBUG  ]  No samples found: snippy
[2022-01-19 12:14:21,049] multiqc                                            [DEBUG  ]  No samples found: bbmap
[2022-01-19 12:14:21,051] multiqc                                            [DEBUG  ]  No samples found: bismark
[2022-01-19 12:14:21,054] multiqc                                            [DEBUG  ]  No samples found: biscuit
[2022-01-19 12:14:21,056] multiqc                                            [DEBUG  ]  No samples found: hicexplorer
[2022-01-19 12:14:21,058] multiqc                                            [DEBUG  ]  No samples found: hicup
[2022-01-19 12:14:21,060] multiqc                                            [DEBUG  ]  No samples found: hicpro
[2022-01-19 12:14:21,063] multiqc                                            [DEBUG  ]  No samples found: salmon
[2022-01-19 12:14:21,065] multiqc                                            [DEBUG  ]  No samples found: kallisto
[2022-01-19 12:14:21,067] multiqc                                            [DEBUG  ]  No samples found: slamdunk
[2022-01-19 12:14:21,069] multiqc                                            [DEBUG  ]  No samples found: star
[2022-01-19 12:14:21,072] multiqc                                            [DEBUG  ]  No samples found: hisat2
[2022-01-19 12:14:21,074] multiqc                                            [DEBUG  ]  No samples found: tophat
[2022-01-19 12:14:21,076] multiqc                                            [DEBUG  ]  No samples found: bowtie2
[2022-01-19 12:14:21,078] multiqc                                            [DEBUG  ]  No samples found: bowtie1
[2022-01-19 12:14:21,080] multiqc                                            [DEBUG  ]  No samples found: snpsplit
[2022-01-19 12:14:21,082] multiqc                                            [DEBUG  ]  No samples found: odgi
[2022-01-19 12:14:21,085] multiqc                                            [DEBUG  ]  No samples found: pangolin
[2022-01-19 12:14:21,087] multiqc                                            [DEBUG  ]  No samples found: kat
[2022-01-19 12:14:21,089] multiqc                                            [DEBUG  ]  No samples found: leehom
[2022-01-19 12:14:21,091] multiqc                                            [DEBUG  ]  No samples found: adapterRemoval
[2022-01-19 12:14:21,093] multiqc                                            [DEBUG  ]  No samples found: clipandmerge
[2022-01-19 12:14:21,096] multiqc                                            [DEBUG  ]  No samples found: cutadapt
[2022-01-19 12:14:21,098] multiqc                                            [DEBUG  ]  No samples found: flexbar
[2022-01-19 12:14:21,100] multiqc                                            [DEBUG  ]  No samples found: kaiju
[2022-01-19 12:14:21,102] multiqc                                            [DEBUG  ]  No samples found: kraken
[2022-01-19 12:14:21,105] multiqc                                            [DEBUG  ]  No samples found: malt
[2022-01-19 12:14:21,107] multiqc                                            [DEBUG  ]  No samples found: trimmomatic
[2022-01-19 12:14:21,109] multiqc                                            [DEBUG  ]  No samples found: sickle
[2022-01-19 12:14:21,111] multiqc                                            [DEBUG  ]  No samples found: skewer
[2022-01-19 12:14:21,113] multiqc                                            [DEBUG  ]  No samples found: sortmerna
[2022-01-19 12:14:21,115] multiqc                                            [DEBUG  ]  No samples found: biobloomtools
[2022-01-19 12:14:21,118] multiqc                                            [DEBUG  ]  No samples found: fastq_screen
[2022-01-19 12:14:21,120] multiqc                                            [DEBUG  ]  No samples found: afterqc
[2022-01-19 12:14:21,122] multiqc                                            [DEBUG  ]  No samples found: fastp
[2022-01-19 12:14:21,180] multiqc.modules.fastqc.fastqc                      [INFO   ]  Found 5 reports
[2022-01-19 12:14:21,221] multiqc                                            [DEBUG  ]  No samples found: pychopper
[2022-01-19 12:14:21,224] multiqc                                            [DEBUG  ]  No samples found: pycoqc
[2022-01-19 12:14:21,226] multiqc                                            [DEBUG  ]  No samples found: minionqc
[2022-01-19 12:14:21,228] multiqc                                            [DEBUG  ]  No samples found: multivcfanalyzer
[2022-01-19 12:14:21,230] multiqc                                            [DEBUG  ]  No samples found: clusterflow
[2022-01-19 12:14:21,233] multiqc                                            [DEBUG  ]  No samples found: bcl2fastq
[2022-01-19 12:14:21,235] multiqc                                            [DEBUG  ]  No samples found: bclconvert
[2022-01-19 12:14:21,237] multiqc                                            [DEBUG  ]  No samples found: interop
[2022-01-19 12:14:21,239] multiqc                                            [DEBUG  ]  No samples found: ivar
[2022-01-19 12:14:21,242] multiqc                                            [DEBUG  ]  No samples found: flash
[2022-01-19 12:14:21,244] multiqc                                            [DEBUG  ]  No samples found: seqyclean
[2022-01-19 12:14:21,246] multiqc                                            [DEBUG  ]  No samples found: optitype
[2022-01-19 12:14:21,250] multiqc                                            [INFO   ]  Compressing plot data
[2022-01-19 12:14:21,304] multiqc                                            [WARNING]  Deleting    : results/qc/multiqc_data   (-f was specified)
[2022-01-19 12:14:21,304] multiqc                                            [INFO   ]  Report      : results/qc/multiqc.html
[2022-01-19 12:14:21,304] multiqc                                            [INFO   ]  Data        : results/qc/multiqc_data
[2022-01-19 12:14:21,304] multiqc                                            [DEBUG  ]  Moving data file from '/var/folders/_s/w4hcqvh15870cfcj4vg1txs40000gn/T/tmp3ml5etmu/multiqc_data' to 'results/qc/multiqc_data'
[2022-01-19 12:14:21,372] multiqc                                            [INFO   ]  MultiQC complete
